<?xml version="1.0" encoding="UTF-8"?>
<!-- Generated by org.testng.reporters.JUnitReportReporter -->
<testsuite hostname="DESKTOP-A3145QO" failures="0" tests="2" name="Package_1905.A2_BrowserOpen" time="15.088" errors="0" timestamp="2024-05-19T20:24:06 IST" skipped="0">
  <testcase classname="Package_1905.A2_BrowserOpen" name="edgeTest" time="9.243"/>
  <system-out/>
  <testcase classname="Package_1905.A2_BrowserOpen" name="chromeTest" time="5.845"/>
  <system-out/>
</testsuite> <!-- Package_1905.A2_BrowserOpen -->
