<?xml version="1.0" encoding="UTF-8"?>
<!-- Generated by org.testng.reporters.JUnitReportReporter -->
<testsuite hostname="DESKTOP-A3145QO" failures="0" tests="2" name="Package_1905.A1_FirstTestNG" time="0.021" errors="0" timestamp="2024-05-19T20:03:07 IST" skipped="0">
  <testcase classname="Package_1905.A1_FirstTestNG" name="testCase1" time="0.017"/>
  <system-out/>
  <testcase classname="Package_1905.A1_FirstTestNG" name="testCase2" time="0.004"/>
  <system-out/>
</testsuite> <!-- Package_1905.A1_FirstTestNG -->
